2014/10/06 10:39:56 [error] [exception.CDbException] exception 'CDbException' with message 'CDbConnection failed to open the DB connection: SQLSTATE[HY000] [1045] Access denied for user 'root'@'localhost' (using password: NO)' in C:\xampp\htdocs\bsm\yii\framework\db\CDbConnection.php:382
Stack trace:
#0 C:\xampp\htdocs\bsm\yii\framework\db\CDbConnection.php(330): CDbConnection->open()
#1 C:\xampp\htdocs\bsm\yii\framework\db\CDbConnection.php(308): CDbConnection->setActive(true)
#2 C:\xampp\htdocs\bsm\yii\framework\base\CModule.php(387): CDbConnection->init()
#3 C:\xampp\htdocs\bsm\yii\framework\base\CApplication.php(450): CModule->getComponent('db')
#4 C:\xampp\htdocs\bsm\yii\framework\db\ar\CActiveRecord.php(634): CApplication->getDb()
#5 C:\xampp\htdocs\bsm\yii\framework\db\ar\CActiveRecord.php(2361): CActiveRecord->getDbConnection()
#6 C:\xampp\htdocs\bsm\yii\framework\db\ar\CActiveRecord.php(411): CActiveRecordMetaData->__construct(Object(proposal))
#7 C:\xampp\htdocs\bsm\yii\framework\db\ar\CActiveRecord.php(79): CActiveRecord->getMetaData()
#8 C:\xampp\htdocs\bsm\protected\controllers\ProposalController.php(168): CActiveRecord->__construct('search')
#9 C:\xampp\htdocs\bsm\yii\framework\web\actions\CInlineAction.php(49): ProposalController->actionReport()
#10 C:\xampp\htdocs\bsm\yii\framework\web\CController.php(308): CInlineAction->runWithParams(Array)
#11 C:\xampp\htdocs\bsm\yii\framework\web\filters\CFilterChain.php(133): CController->runAction(Object(CInlineAction))
#12 C:\xampp\htdocs\bsm\yii\framework\web\filters\CFilter.php(40): CFilterChain->run()
#13 C:\xampp\htdocs\bsm\yii\framework\web\CController.php(1145): CFilter->filter(Object(CFilterChain))
#14 C:\xampp\htdocs\bsm\yii\framework\web\filters\CInlineFilter.php(58): CController->filterAccessControl(Object(CFilterChain))
#15 C:\xampp\htdocs\bsm\yii\framework\web\filters\CFilterChain.php(130): CInlineFilter->filter(Object(CFilterChain))
#16 C:\xampp\htdocs\bsm\yii\framework\web\CController.php(291): CFilterChain->run()
#17 C:\xampp\htdocs\bsm\yii\framework\web\CController.php(265): CController->runActionWithFilters(Object(CInlineAction), Array)
#18 C:\xampp\htdocs\bsm\yii\framework\web\CWebApplication.php(282): CController->run('report')
#19 C:\xampp\htdocs\bsm\yii\framework\web\CWebApplication.php(141): CWebApplication->runController('proposal/report')
#20 C:\xampp\htdocs\bsm\yii\framework\base\CApplication.php(180): CWebApplication->processRequest()
#21 C:\xampp\htdocs\bsm\index.php(15): CApplication->run()
#22 {main}
REQUEST_URI=/bsm/index.php?r=proposal/report
HTTP_REFERER=http://localhost/bsm/index.php?r=tolak/complete
---
2014/10/06 10:40:30 [error] [exception.CHttpException.404] exception 'CHttpException' with message 'Sistem tidak bisa menemukan action "index" seperti yang diminta.' in C:\xampp\htdocs\bsm\yii\framework\web\CController.php:483
Stack trace:
#0 C:\xampp\htdocs\bsm\yii\framework\web\CController.php(270): CController->missingAction('')
#1 C:\xampp\htdocs\bsm\yii\framework\web\CWebApplication.php(282): CController->run('')
#2 C:\xampp\htdocs\bsm\yii\framework\web\CWebApplication.php(141): CWebApplication->runController('proposal/')
#3 C:\xampp\htdocs\bsm\yii\framework\base\CApplication.php(180): CWebApplication->processRequest()
#4 C:\xampp\htdocs\bsm\index.php(15): CApplication->run()
#5 {main}
REQUEST_URI=/bsm/index.php?r=proposal/
HTTP_REFERER=http://localhost/bsm/index.php?r=proposal/report
---
2014/10/06 10:40:41 [error] [exception.CHttpException.404] exception 'CHttpException' with message 'Sistem tidak bisa menemukan action "index" seperti yang diminta.' in C:\xampp\htdocs\bsm\yii\framework\web\CController.php:483
Stack trace:
#0 C:\xampp\htdocs\bsm\yii\framework\web\CController.php(270): CController->missingAction('')
#1 C:\xampp\htdocs\bsm\yii\framework\web\CWebApplication.php(282): CController->run('')
#2 C:\xampp\htdocs\bsm\yii\framework\web\CWebApplication.php(141): CWebApplication->runController('tolak/')
#3 C:\xampp\htdocs\bsm\yii\framework\base\CApplication.php(180): CWebApplication->processRequest()
#4 C:\xampp\htdocs\bsm\index.php(15): CApplication->run()
#5 {main}
REQUEST_URI=/bsm/index.php?r=tolak/
HTTP_REFERER=http://localhost/bsm/index.php?r=tolak/create
---
2014/10/06 10:50:14 [warning] [application] Gagal mengeset atribut unsafe "tanggal_kartu_keluarga" dari kelas "proposal".
in C:\xampp\htdocs\bsm\protected\controllers\ProposalController.php (199)
in C:\xampp\htdocs\bsm\index.php (15)
2014/10/06 10:50:17 [warning] [application] Gagal mengeset atribut unsafe "tanggal_kartu_keluarga" dari kelas "proposal".
in C:\xampp\htdocs\bsm\protected\controllers\ProposalController.php (199)
in C:\xampp\htdocs\bsm\index.php (15)
2014/10/06 10:50:19 [warning] [application] Gagal mengeset atribut unsafe "tanggal_kartu_keluarga" dari kelas "proposal".
in C:\xampp\htdocs\bsm\protected\controllers\ProposalController.php (199)
in C:\xampp\htdocs\bsm\index.php (15)
2014/10/06 10:50:20 [warning] [application] Gagal mengeset atribut unsafe "tanggal_kartu_keluarga" dari kelas "proposal".
in C:\xampp\htdocs\bsm\protected\controllers\ProposalController.php (199)
in C:\xampp\htdocs\bsm\index.php (15)
2014/10/06 10:50:26 [warning] [application] Gagal mengeset atribut unsafe "tanggal_kartu_keluarga" dari kelas "proposal".
in C:\xampp\htdocs\bsm\protected\controllers\ProposalController.php (199)
in C:\xampp\htdocs\bsm\index.php (15)
2014/10/06 10:50:27 [warning] [application] Gagal mengeset atribut unsafe "tanggal_kartu_keluarga" dari kelas "proposal".
in C:\xampp\htdocs\bsm\protected\controllers\ProposalController.php (199)
in C:\xampp\htdocs\bsm\index.php (15)
2014/10/06 10:50:30 [warning] [application] Gagal mengeset atribut unsafe "tanggal_kartu_keluarga" dari kelas "proposal".
in C:\xampp\htdocs\bsm\protected\controllers\ProposalController.php (199)
in C:\xampp\htdocs\bsm\index.php (15)
2014/10/06 10:50:32 [warning] [application] Gagal mengeset atribut unsafe "tanggal_kartu_keluarga" dari kelas "proposal".
in C:\xampp\htdocs\bsm\protected\controllers\ProposalController.php (199)
in C:\xampp\htdocs\bsm\index.php (15)
2014/10/06 10:50:40 [warning] [application] Gagal mengeset atribut unsafe "tanggal_kartu_keluarga" dari kelas "proposal".
in C:\xampp\htdocs\bsm\protected\controllers\ProposalController.php (199)
in C:\xampp\htdocs\bsm\index.php (15)
2014/10/06 10:50:44 [warning] [application] Gagal mengeset atribut unsafe "tanggal_kartu_keluarga" dari kelas "proposal".
in C:\xampp\htdocs\bsm\protected\controllers\ProposalController.php (232)
in C:\xampp\htdocs\bsm\index.php (15)
2014/10/06 10:50:45 [warning] [application] Gagal mengeset atribut unsafe "tanggal_kartu_keluarga" dari kelas "proposal".
in C:\xampp\htdocs\bsm\protected\controllers\ProposalController.php (199)
in C:\xampp\htdocs\bsm\index.php (15)
2014/10/06 10:50:49 [warning] [application] Gagal mengeset atribut unsafe "tanggal_kartu_keluarga" dari kelas "proposal".
in C:\xampp\htdocs\bsm\protected\controllers\ProposalController.php (199)
in C:\xampp\htdocs\bsm\index.php (15)
2014/10/06 10:50:51 [warning] [application] Gagal mengeset atribut unsafe "tanggal_kartu_keluarga" dari kelas "proposal".
in C:\xampp\htdocs\bsm\protected\controllers\ProposalController.php (232)
in C:\xampp\htdocs\bsm\index.php (15)
2014/10/06 10:51:42 [warning] [application] Gagal mengeset atribut unsafe "tanggal_kartu_keluarga" dari kelas "proposal".
in C:\xampp\htdocs\bsm\protected\controllers\ProposalController.php (199)
in C:\xampp\htdocs\bsm\index.php (15)
2014/10/06 10:51:44 [warning] [application] Gagal mengeset atribut unsafe "tanggal_kartu_keluarga" dari kelas "proposal".
in C:\xampp\htdocs\bsm\protected\controllers\ProposalController.php (199)
in C:\xampp\htdocs\bsm\index.php (15)
2014/10/06 10:51:46 [warning] [application] Gagal mengeset atribut unsafe "tanggal_kartu_keluarga" dari kelas "proposal".
in C:\xampp\htdocs\bsm\protected\controllers\ProposalController.php (199)
in C:\xampp\htdocs\bsm\index.php (15)
2014/10/06 10:51:47 [warning] [application] Gagal mengeset atribut unsafe "tanggal_kartu_keluarga" dari kelas "proposal".
in C:\xampp\htdocs\bsm\protected\controllers\ProposalController.php (199)
in C:\xampp\htdocs\bsm\index.php (15)
2014/10/06 10:51:54 [warning] [application] Gagal mengeset atribut unsafe "tanggal_kartu_keluarga" dari kelas "proposal".
in C:\xampp\htdocs\bsm\protected\controllers\ProposalController.php (199)
in C:\xampp\htdocs\bsm\index.php (15)
2014/10/06 10:52:02 [warning] [application] Gagal mengeset atribut unsafe "tanggal_kartu_keluarga" dari kelas "proposal".
in C:\xampp\htdocs\bsm\protected\controllers\ProposalController.php (199)
in C:\xampp\htdocs\bsm\index.php (15)
2014/10/06 10:52:03 [warning] [application] Gagal mengeset atribut unsafe "tanggal_kartu_keluarga" dari kelas "proposal".
in C:\xampp\htdocs\bsm\protected\controllers\ProposalController.php (199)
in C:\xampp\htdocs\bsm\index.php (15)
2014/10/06 10:52:10 [warning] [application] Gagal mengeset atribut unsafe "tanggal_kartu_keluarga" dari kelas "proposal".
in C:\xampp\htdocs\bsm\protected\controllers\ProposalController.php (199)
in C:\xampp\htdocs\bsm\index.php (15)
2014/10/06 10:52:14 [warning] [application] Gagal mengeset atribut unsafe "tanggal_kartu_keluarga" dari kelas "proposal".
in C:\xampp\htdocs\bsm\protected\controllers\ProposalController.php (199)
in C:\xampp\htdocs\bsm\index.php (15)
2014/10/06 10:52:21 [warning] [application] Gagal mengeset atribut unsafe "tanggal_kartu_keluarga" dari kelas "proposal".
in C:\xampp\htdocs\bsm\protected\controllers\ProposalController.php (199)
in C:\xampp\htdocs\bsm\index.php (15)
2014/10/06 10:52:37 [warning] [application] Gagal mengeset atribut unsafe "tanggal_kartu_keluarga" dari kelas "proposal".
in C:\xampp\htdocs\bsm\protected\controllers\ProposalController.php (199)
in C:\xampp\htdocs\bsm\index.php (15)
2014/10/06 10:52:50 [warning] [application] Gagal mengeset atribut unsafe "tanggal_kartu_keluarga" dari kelas "proposal".
in C:\xampp\htdocs\bsm\protected\controllers\ProposalController.php (232)
in C:\xampp\htdocs\bsm\index.php (15)
2014/10/06 10:53:09 [warning] [application] Gagal mengeset atribut unsafe "tanggal_kartu_keluarga" dari kelas "proposal".
in C:\xampp\htdocs\bsm\protected\controllers\ProposalController.php (199)
in C:\xampp\htdocs\bsm\index.php (15)
2014/10/06 10:53:11 [warning] [application] Gagal mengeset atribut unsafe "tanggal_kartu_keluarga" dari kelas "proposal".
in C:\xampp\htdocs\bsm\protected\controllers\ProposalController.php (232)
in C:\xampp\htdocs\bsm\index.php (15)
2014/10/06 10:54:15 [warning] [application] Gagal mengeset atribut unsafe "tanggal_kartu_keluarga" dari kelas "proposal".
in C:\xampp\htdocs\bsm\protected\controllers\ProposalController.php (199)
in C:\xampp\htdocs\bsm\index.php (15)
2014/10/06 10:54:18 [warning] [application] Gagal mengeset atribut unsafe "tanggal_kartu_keluarga" dari kelas "proposal".
in C:\xampp\htdocs\bsm\protected\controllers\ProposalController.php (199)
in C:\xampp\htdocs\bsm\index.php (15)
2014/10/06 10:54:21 [warning] [application] Gagal mengeset atribut unsafe "tanggal_kartu_keluarga" dari kelas "proposal".
in C:\xampp\htdocs\bsm\protected\controllers\ProposalController.php (199)
in C:\xampp\htdocs\bsm\index.php (15)
2014/10/06 10:54:23 [warning] [application] Gagal mengeset atribut unsafe "tanggal_kartu_keluarga" dari kelas "proposal".
in C:\xampp\htdocs\bsm\protected\controllers\ProposalController.php (199)
in C:\xampp\htdocs\bsm\index.php (15)
2014/10/06 10:54:32 [warning] [application] Gagal mengeset atribut unsafe "tanggal_kartu_keluarga" dari kelas "proposal".
in C:\xampp\htdocs\bsm\protected\controllers\ProposalController.php (199)
in C:\xampp\htdocs\bsm\index.php (15)
2014/10/06 10:54:33 [warning] [application] Gagal mengeset atribut unsafe "tanggal_kartu_keluarga" dari kelas "proposal".
in C:\xampp\htdocs\bsm\protected\controllers\ProposalController.php (199)
in C:\xampp\htdocs\bsm\index.php (15)
2014/10/06 10:54:35 [warning] [application] Gagal mengeset atribut unsafe "tanggal_kartu_keluarga" dari kelas "proposal".
in C:\xampp\htdocs\bsm\protected\controllers\ProposalController.php (199)
in C:\xampp\htdocs\bsm\index.php (15)
2014/10/06 10:54:40 [warning] [application] Gagal mengeset atribut unsafe "tanggal_kartu_keluarga" dari kelas "proposal".
in C:\xampp\htdocs\bsm\protected\controllers\ProposalController.php (199)
in C:\xampp\htdocs\bsm\index.php (15)
2014/10/06 10:54:42 [warning] [application] Gagal mengeset atribut unsafe "tanggal_kartu_keluarga" dari kelas "proposal".
in C:\xampp\htdocs\bsm\protected\controllers\ProposalController.php (199)
in C:\xampp\htdocs\bsm\index.php (15)
2014/10/06 10:54:46 [warning] [application] Gagal mengeset atribut unsafe "tanggal_kartu_keluarga" dari kelas "proposal".
in C:\xampp\htdocs\bsm\protected\controllers\ProposalController.php (199)
in C:\xampp\htdocs\bsm\index.php (15)
2014/10/06 10:54:50 [warning] [application] Gagal mengeset atribut unsafe "tanggal_kartu_keluarga" dari kelas "proposal".
in C:\xampp\htdocs\bsm\protected\controllers\ProposalController.php (199)
in C:\xampp\htdocs\bsm\index.php (15)
2014/10/06 10:54:51 [warning] [application] Gagal mengeset atribut unsafe "tanggal_kartu_keluarga" dari kelas "proposal".
in C:\xampp\htdocs\bsm\protected\controllers\ProposalController.php (199)
in C:\xampp\htdocs\bsm\index.php (15)
2014/10/06 10:54:57 [warning] [application] Gagal mengeset atribut unsafe "tanggal_kartu_keluarga" dari kelas "proposal".
in C:\xampp\htdocs\bsm\protected\controllers\ProposalController.php (199)
in C:\xampp\htdocs\bsm\index.php (15)
2014/10/06 10:55:01 [warning] [application] Gagal mengeset atribut unsafe "tanggal_kartu_keluarga" dari kelas "proposal".
in C:\xampp\htdocs\bsm\protected\controllers\ProposalController.php (199)
in C:\xampp\htdocs\bsm\index.php (15)
2014/10/06 10:55:08 [warning] [application] Gagal mengeset atribut unsafe "tanggal_kartu_keluarga" dari kelas "proposal".
in C:\xampp\htdocs\bsm\protected\controllers\ProposalController.php (199)
in C:\xampp\htdocs\bsm\index.php (15)
2014/10/06 10:55:19 [warning] [application] Gagal mengeset atribut unsafe "tanggal_kartu_keluarga" dari kelas "proposal".
in C:\xampp\htdocs\bsm\protected\controllers\ProposalController.php (199)
in C:\xampp\htdocs\bsm\index.php (15)
2014/10/06 10:55:29 [warning] [application] Gagal mengeset atribut unsafe "tanggal_kartu_keluarga" dari kelas "proposal".
in C:\xampp\htdocs\bsm\protected\controllers\ProposalController.php (232)
in C:\xampp\htdocs\bsm\index.php (15)
2014/10/06 10:55:38 [warning] [application] Gagal mengeset atribut unsafe "tanggal_kartu_keluarga" dari kelas "proposal".
in C:\xampp\htdocs\bsm\protected\controllers\ProposalController.php (199)
in C:\xampp\htdocs\bsm\index.php (15)
2014/10/06 10:55:39 [warning] [application] Gagal mengeset atribut unsafe "tanggal_kartu_keluarga" dari kelas "proposal".
in C:\xampp\htdocs\bsm\protected\controllers\ProposalController.php (232)
in C:\xampp\htdocs\bsm\index.php (15)
2014/10/06 13:39:02 [warning] [application] Gagal mengeset atribut unsafe "tanggal_kartu_keluarga" dari kelas "proposal".
in C:\xampp\htdocs\bsm\protected\controllers\ProposalController.php (199)
in C:\xampp\htdocs\bsm\index.php (15)
2014/10/06 13:39:04 [warning] [application] Gagal mengeset atribut unsafe "tanggal_kartu_keluarga" dari kelas "proposal".
in C:\xampp\htdocs\bsm\protected\controllers\ProposalController.php (199)
in C:\xampp\htdocs\bsm\index.php (15)
2014/10/06 13:39:05 [warning] [application] Gagal mengeset atribut unsafe "tanggal_kartu_keluarga" dari kelas "proposal".
in C:\xampp\htdocs\bsm\protected\controllers\ProposalController.php (199)
in C:\xampp\htdocs\bsm\index.php (15)
2014/10/06 13:39:10 [warning] [application] Gagal mengeset atribut unsafe "tanggal_kartu_keluarga" dari kelas "proposal".
in C:\xampp\htdocs\bsm\protected\controllers\ProposalController.php (199)
in C:\xampp\htdocs\bsm\index.php (15)
2014/10/06 13:39:15 [warning] [application] Gagal mengeset atribut unsafe "tanggal_kartu_keluarga" dari kelas "proposal".
in C:\xampp\htdocs\bsm\protected\controllers\ProposalController.php (199)
in C:\xampp\htdocs\bsm\index.php (15)
2014/10/06 13:39:22 [warning] [application] Gagal mengeset atribut unsafe "tanggal_kartu_keluarga" dari kelas "proposal".
in C:\xampp\htdocs\bsm\protected\controllers\ProposalController.php (199)
in C:\xampp\htdocs\bsm\index.php (15)
2014/10/06 13:39:35 [warning] [application] Gagal mengeset atribut unsafe "tanggal_kartu_keluarga" dari kelas "proposal".
in C:\xampp\htdocs\bsm\protected\controllers\ProposalController.php (199)
in C:\xampp\htdocs\bsm\index.php (15)
2014/10/06 13:39:41 [warning] [application] Gagal mengeset atribut unsafe "tanggal_kartu_keluarga" dari kelas "proposal".
in C:\xampp\htdocs\bsm\protected\controllers\ProposalController.php (199)
in C:\xampp\htdocs\bsm\index.php (15)
2014/10/06 13:39:44 [warning] [application] Gagal mengeset atribut unsafe "tanggal_kartu_keluarga" dari kelas "proposal".
in C:\xampp\htdocs\bsm\protected\controllers\ProposalController.php (199)
in C:\xampp\htdocs\bsm\index.php (15)
2014/10/06 13:39:50 [warning] [application] Gagal mengeset atribut unsafe "tanggal_kartu_keluarga" dari kelas "proposal".
in C:\xampp\htdocs\bsm\protected\controllers\ProposalController.php (199)
in C:\xampp\htdocs\bsm\index.php (15)
2014/10/06 13:39:56 [warning] [application] Gagal mengeset atribut unsafe "tanggal_kartu_keluarga" dari kelas "proposal".
in C:\xampp\htdocs\bsm\protected\controllers\ProposalController.php (199)
in C:\xampp\htdocs\bsm\index.php (15)
2014/10/06 13:40:00 [warning] [application] Gagal mengeset atribut unsafe "tanggal_kartu_keluarga" dari kelas "proposal".
in C:\xampp\htdocs\bsm\protected\controllers\ProposalController.php (199)
in C:\xampp\htdocs\bsm\index.php (15)
2014/10/06 13:40:06 [warning] [application] Gagal mengeset atribut unsafe "tanggal_kartu_keluarga" dari kelas "proposal".
in C:\xampp\htdocs\bsm\protected\controllers\ProposalController.php (199)
in C:\xampp\htdocs\bsm\index.php (15)
2014/10/06 13:40:07 [warning] [application] Gagal mengeset atribut unsafe "tanggal_kartu_keluarga" dari kelas "proposal".
in C:\xampp\htdocs\bsm\protected\controllers\ProposalController.php (199)
in C:\xampp\htdocs\bsm\index.php (15)
2014/10/06 13:40:15 [warning] [application] Gagal mengeset atribut unsafe "tanggal_kartu_keluarga" dari kelas "proposal".
in C:\xampp\htdocs\bsm\protected\controllers\ProposalController.php (199)
in C:\xampp\htdocs\bsm\index.php (15)
2014/10/06 13:40:17 [warning] [application] Gagal mengeset atribut unsafe "tanggal_kartu_keluarga" dari kelas "proposal".
in C:\xampp\htdocs\bsm\protected\controllers\ProposalController.php (199)
in C:\xampp\htdocs\bsm\index.php (15)
2014/10/06 13:43:10 [warning] [application] Gagal mengeset atribut unsafe "tanggal_kartu_keluarga" dari kelas "proposal".
in C:\xampp\htdocs\bsm\protected\controllers\ProposalController.php (199)
in C:\xampp\htdocs\bsm\index.php (15)
2014/10/06 13:43:12 [warning] [application] Gagal mengeset atribut unsafe "tanggal_kartu_keluarga" dari kelas "proposal".
in C:\xampp\htdocs\bsm\protected\controllers\ProposalController.php (199)
in C:\xampp\htdocs\bsm\index.php (15)
2014/10/06 13:43:14 [warning] [application] Gagal mengeset atribut unsafe "tanggal_kartu_keluarga" dari kelas "proposal".
in C:\xampp\htdocs\bsm\protected\controllers\ProposalController.php (199)
in C:\xampp\htdocs\bsm\index.php (15)
2014/10/06 13:43:18 [warning] [application] Gagal mengeset atribut unsafe "tanggal_kartu_keluarga" dari kelas "proposal".
in C:\xampp\htdocs\bsm\protected\controllers\ProposalController.php (199)
in C:\xampp\htdocs\bsm\index.php (15)
2014/10/06 13:43:24 [warning] [application] Gagal mengeset atribut unsafe "tanggal_kartu_keluarga" dari kelas "proposal".
in C:\xampp\htdocs\bsm\protected\controllers\ProposalController.php (199)
in C:\xampp\htdocs\bsm\index.php (15)
2014/10/06 13:43:31 [warning] [application] Gagal mengeset atribut unsafe "tanggal_kartu_keluarga" dari kelas "proposal".
in C:\xampp\htdocs\bsm\protected\controllers\ProposalController.php (199)
in C:\xampp\htdocs\bsm\index.php (15)
2014/10/06 13:43:40 [warning] [application] Gagal mengeset atribut unsafe "tanggal_kartu_keluarga" dari kelas "proposal".
in C:\xampp\htdocs\bsm\protected\controllers\ProposalController.php (199)
in C:\xampp\htdocs\bsm\index.php (15)
2014/10/06 13:43:42 [warning] [application] Gagal mengeset atribut unsafe "tanggal_kartu_keluarga" dari kelas "proposal".
in C:\xampp\htdocs\bsm\protected\controllers\ProposalController.php (199)
in C:\xampp\htdocs\bsm\index.php (15)
2014/10/06 13:43:43 [warning] [application] Gagal mengeset atribut unsafe "tanggal_kartu_keluarga" dari kelas "proposal".
in C:\xampp\htdocs\bsm\protected\controllers\ProposalController.php (199)
in C:\xampp\htdocs\bsm\index.php (15)
2014/10/06 13:43:49 [warning] [application] Gagal mengeset atribut unsafe "tanggal_kartu_keluarga" dari kelas "proposal".
in C:\xampp\htdocs\bsm\protected\controllers\ProposalController.php (199)
in C:\xampp\htdocs\bsm\index.php (15)
2014/10/06 13:43:52 [warning] [application] Gagal mengeset atribut unsafe "tanggal_kartu_keluarga" dari kelas "proposal".
in C:\xampp\htdocs\bsm\protected\controllers\ProposalController.php (199)
in C:\xampp\htdocs\bsm\index.php (15)
2014/10/06 13:43:58 [warning] [application] Gagal mengeset atribut unsafe "tanggal_kartu_keluarga" dari kelas "proposal".
in C:\xampp\htdocs\bsm\protected\controllers\ProposalController.php (199)
in C:\xampp\htdocs\bsm\index.php (15)
2014/10/06 13:44:00 [warning] [application] Gagal mengeset atribut unsafe "tanggal_kartu_keluarga" dari kelas "proposal".
in C:\xampp\htdocs\bsm\protected\controllers\ProposalController.php (199)
in C:\xampp\htdocs\bsm\index.php (15)
2014/10/06 13:44:04 [warning] [application] Gagal mengeset atribut unsafe "tanggal_kartu_keluarga" dari kelas "proposal".
in C:\xampp\htdocs\bsm\protected\controllers\ProposalController.php (199)
in C:\xampp\htdocs\bsm\index.php (15)
2014/10/06 13:44:07 [warning] [application] Gagal mengeset atribut unsafe "tanggal_kartu_keluarga" dari kelas "proposal".
in C:\xampp\htdocs\bsm\protected\controllers\ProposalController.php (199)
in C:\xampp\htdocs\bsm\index.php (15)
2014/10/06 13:44:28 [warning] [application] Gagal mengeset atribut unsafe "tanggal_kartu_keluarga" dari kelas "proposal".
in C:\xampp\htdocs\bsm\protected\controllers\ProposalController.php (232)
in C:\xampp\htdocs\bsm\index.php (15)
2014/10/06 13:44:41 [warning] [application] Gagal mengeset atribut unsafe "tanggal_kartu_keluarga" dari kelas "proposal".
in C:\xampp\htdocs\bsm\protected\controllers\ProposalController.php (199)
in C:\xampp\htdocs\bsm\index.php (15)
2014/10/06 13:44:44 [warning] [application] Gagal mengeset atribut unsafe "tanggal_kartu_keluarga" dari kelas "proposal".
in C:\xampp\htdocs\bsm\protected\controllers\ProposalController.php (199)
in C:\xampp\htdocs\bsm\index.php (15)
2014/10/06 13:44:46 [warning] [application] Gagal mengeset atribut unsafe "tanggal_kartu_keluarga" dari kelas "proposal".
in C:\xampp\htdocs\bsm\protected\controllers\ProposalController.php (199)
in C:\xampp\htdocs\bsm\index.php (15)
2014/10/06 13:44:48 [warning] [application] Gagal mengeset atribut unsafe "tanggal_kartu_keluarga" dari kelas "proposal".
in C:\xampp\htdocs\bsm\protected\controllers\ProposalController.php (199)
in C:\xampp\htdocs\bsm\index.php (15)
2014/10/06 13:44:52 [warning] [application] Gagal mengeset atribut unsafe "tanggal_kartu_keluarga" dari kelas "proposal".
in C:\xampp\htdocs\bsm\protected\controllers\ProposalController.php (199)
in C:\xampp\htdocs\bsm\index.php (15)
2014/10/06 13:44:57 [warning] [application] Gagal mengeset atribut unsafe "tanggal_kartu_keluarga" dari kelas "proposal".
in C:\xampp\htdocs\bsm\protected\controllers\ProposalController.php (199)
in C:\xampp\htdocs\bsm\index.php (15)
2014/10/06 13:45:06 [warning] [application] Gagal mengeset atribut unsafe "tanggal_kartu_keluarga" dari kelas "proposal".
in C:\xampp\htdocs\bsm\protected\controllers\ProposalController.php (199)
in C:\xampp\htdocs\bsm\index.php (15)
2014/10/06 13:45:11 [warning] [application] Gagal mengeset atribut unsafe "tanggal_kartu_keluarga" dari kelas "proposal".
in C:\xampp\htdocs\bsm\protected\controllers\ProposalController.php (199)
in C:\xampp\htdocs\bsm\index.php (15)
2014/10/06 13:45:16 [warning] [application] Gagal mengeset atribut unsafe "tanggal_kartu_keluarga" dari kelas "proposal".
in C:\xampp\htdocs\bsm\protected\controllers\ProposalController.php (199)
in C:\xampp\htdocs\bsm\index.php (15)
2014/10/06 13:45:18 [warning] [application] Gagal mengeset atribut unsafe "tanggal_kartu_keluarga" dari kelas "proposal".
in C:\xampp\htdocs\bsm\protected\controllers\ProposalController.php (199)
in C:\xampp\htdocs\bsm\index.php (15)
2014/10/06 13:45:20 [warning] [application] Gagal mengeset atribut unsafe "tanggal_kartu_keluarga" dari kelas "proposal".
in C:\xampp\htdocs\bsm\protected\controllers\ProposalController.php (199)
in C:\xampp\htdocs\bsm\index.php (15)
2014/10/06 13:45:26 [warning] [application] Gagal mengeset atribut unsafe "tanggal_kartu_keluarga" dari kelas "proposal".
in C:\xampp\htdocs\bsm\protected\controllers\ProposalController.php (199)
in C:\xampp\htdocs\bsm\index.php (15)
2014/10/06 13:45:28 [warning] [application] Gagal mengeset atribut unsafe "tanggal_kartu_keluarga" dari kelas "proposal".
in C:\xampp\htdocs\bsm\protected\controllers\ProposalController.php (199)
in C:\xampp\htdocs\bsm\index.php (15)
2014/10/06 13:45:29 [warning] [application] Gagal mengeset atribut unsafe "tanggal_kartu_keluarga" dari kelas "proposal".
in C:\xampp\htdocs\bsm\protected\controllers\ProposalController.php (199)
in C:\xampp\htdocs\bsm\index.php (15)
2014/10/06 13:45:33 [warning] [application] Gagal mengeset atribut unsafe "tanggal_kartu_keluarga" dari kelas "proposal".
in C:\xampp\htdocs\bsm\protected\controllers\ProposalController.php (199)
in C:\xampp\htdocs\bsm\index.php (15)
2014/10/06 13:45:41 [warning] [application] Gagal mengeset atribut unsafe "tanggal_kartu_keluarga" dari kelas "proposal".
in C:\xampp\htdocs\bsm\protected\controllers\ProposalController.php (199)
in C:\xampp\htdocs\bsm\index.php (15)
2014/10/06 13:45:47 [warning] [application] Gagal mengeset atribut unsafe "tanggal_kartu_keluarga" dari kelas "proposal".
in C:\xampp\htdocs\bsm\protected\controllers\ProposalController.php (199)
in C:\xampp\htdocs\bsm\index.php (15)
2014/10/06 13:45:49 [warning] [application] Gagal mengeset atribut unsafe "tanggal_kartu_keluarga" dari kelas "proposal".
in C:\xampp\htdocs\bsm\protected\controllers\ProposalController.php (199)
in C:\xampp\htdocs\bsm\index.php (15)
2014/10/06 13:45:54 [warning] [application] Gagal mengeset atribut unsafe "tanggal_kartu_keluarga" dari kelas "proposal".
in C:\xampp\htdocs\bsm\protected\controllers\ProposalController.php (199)
in C:\xampp\htdocs\bsm\index.php (15)
2014/10/06 13:45:58 [warning] [application] Gagal mengeset atribut unsafe "tanggal_kartu_keluarga" dari kelas "proposal".
in C:\xampp\htdocs\bsm\protected\controllers\ProposalController.php (199)
in C:\xampp\htdocs\bsm\index.php (15)
2014/10/06 13:46:00 [warning] [application] Gagal mengeset atribut unsafe "tanggal_kartu_keluarga" dari kelas "proposal".
in C:\xampp\htdocs\bsm\protected\controllers\ProposalController.php (199)
in C:\xampp\htdocs\bsm\index.php (15)
2014/10/06 13:46:02 [warning] [application] Gagal mengeset atribut unsafe "tanggal_kartu_keluarga" dari kelas "proposal".
in C:\xampp\htdocs\bsm\protected\controllers\ProposalController.php (199)
in C:\xampp\htdocs\bsm\index.php (15)
2014/10/06 13:46:05 [warning] [application] Gagal mengeset atribut unsafe "tanggal_kartu_keluarga" dari kelas "proposal".
in C:\xampp\htdocs\bsm\protected\controllers\ProposalController.php (199)
in C:\xampp\htdocs\bsm\index.php (15)
2014/10/06 13:46:11 [warning] [application] Gagal mengeset atribut unsafe "tanggal_kartu_keluarga" dari kelas "proposal".
in C:\xampp\htdocs\bsm\protected\controllers\ProposalController.php (199)
in C:\xampp\htdocs\bsm\index.php (15)
2014/10/06 13:46:13 [warning] [application] Gagal mengeset atribut unsafe "tanggal_kartu_keluarga" dari kelas "proposal".
in C:\xampp\htdocs\bsm\protected\controllers\ProposalController.php (199)
in C:\xampp\htdocs\bsm\index.php (15)
2014/10/06 13:46:18 [warning] [application] Gagal mengeset atribut unsafe "tanggal_kartu_keluarga" dari kelas "proposal".
in C:\xampp\htdocs\bsm\protected\controllers\ProposalController.php (199)
in C:\xampp\htdocs\bsm\index.php (15)
2014/10/06 13:46:23 [warning] [application] Gagal mengeset atribut unsafe "tanggal_kartu_keluarga" dari kelas "proposal".
in C:\xampp\htdocs\bsm\protected\controllers\ProposalController.php (199)
in C:\xampp\htdocs\bsm\index.php (15)
2014/10/06 13:46:23 [warning] [application] Gagal mengeset atribut unsafe "tanggal_kartu_keluarga" dari kelas "proposal".
in C:\xampp\htdocs\bsm\protected\controllers\ProposalController.php (232)
in C:\xampp\htdocs\bsm\index.php (15)
2014/10/06 13:49:03 [error] [exception.CHttpException.404] exception 'CHttpException' with message 'Sistem tidak bisa menemukan action "index" seperti yang diminta.' in C:\xampp\htdocs\bsm\yii\framework\web\CController.php:483
Stack trace:
#0 C:\xampp\htdocs\bsm\yii\framework\web\CController.php(270): CController->missingAction('')
#1 C:\xampp\htdocs\bsm\yii\framework\web\CWebApplication.php(282): CController->run('')
#2 C:\xampp\htdocs\bsm\yii\framework\web\CWebApplication.php(141): CWebApplication->runController('tolak/')
#3 C:\xampp\htdocs\bsm\yii\framework\base\CApplication.php(180): CWebApplication->processRequest()
#4 C:\xampp\htdocs\bsm\index.php(15): CApplication->run()
#5 {main}
REQUEST_URI=/bsm/index.php?r=tolak/
HTTP_REFERER=http://localhost/bsm/index.php?r=tolak/complete
---
2014/10/06 13:54:42 [error] [exception.CHttpException.404] exception 'CHttpException' with message 'Sistem tidak bisa menemukan action "approval" seperti yang diminta.' in C:\xampp\htdocs\bsm\yii\framework\web\CController.php:483
Stack trace:
#0 C:\xampp\htdocs\bsm\yii\framework\web\CController.php(270): CController->missingAction('approval')
#1 C:\xampp\htdocs\bsm\yii\framework\web\CWebApplication.php(282): CController->run('approval')
#2 C:\xampp\htdocs\bsm\yii\framework\web\CWebApplication.php(141): CWebApplication->runController('proposal/approv...')
#3 C:\xampp\htdocs\bsm\yii\framework\base\CApplication.php(180): CWebApplication->processRequest()
#4 C:\xampp\htdocs\bsm\index.php(15): CApplication->run()
#5 {main}
REQUEST_URI=/bsm/index.php?r=proposal/approval
HTTP_REFERER=http://localhost/bsm/index.php?r=site/
---
2014/10/06 13:54:55 [error] [exception.CHttpException.404] exception 'CHttpException' with message 'Sistem tidak bisa menemukan action "approval" seperti yang diminta.' in C:\xampp\htdocs\bsm\yii\framework\web\CController.php:483
Stack trace:
#0 C:\xampp\htdocs\bsm\yii\framework\web\CController.php(270): CController->missingAction('approval')
#1 C:\xampp\htdocs\bsm\yii\framework\web\CWebApplication.php(282): CController->run('approval')
#2 C:\xampp\htdocs\bsm\yii\framework\web\CWebApplication.php(141): CWebApplication->runController('proposal/approv...')
#3 C:\xampp\htdocs\bsm\yii\framework\base\CApplication.php(180): CWebApplication->processRequest()
#4 C:\xampp\htdocs\bsm\index.php(15): CApplication->run()
#5 {main}
REQUEST_URI=/bsm/index.php?r=proposal/approval
HTTP_REFERER=http://localhost/bsm/index.php?r=site/
---
2014/10/06 13:56:10 [warning] [application] Gagal mengeset atribut unsafe "tanggal_kartu_keluarga" dari kelas "proposal".
in C:\xampp\htdocs\bsm\protected\controllers\ProposalController.php (199)
in C:\xampp\htdocs\bsm\index.php (15)
2014/10/06 13:56:11 [warning] [application] Gagal mengeset atribut unsafe "tanggal_kartu_keluarga" dari kelas "proposal".
in C:\xampp\htdocs\bsm\protected\controllers\ProposalController.php (199)
in C:\xampp\htdocs\bsm\index.php (15)
2014/10/06 14:58:30 [error] [php] Invalid argument supplied for foreach() (C:\xampp\htdocs\bsm\yii\framework\web\helpers\CHtml.php:2325)
Stack trace:
#0 C:\xampp\htdocs\bsm\protected\extensions\bootstrap\widgets\input\TbInputHorizontal.php(88): TbActiveForm->dropDownList()
#1 C:\xampp\htdocs\bsm\protected\extensions\bootstrap\widgets\input\TbInput.php(201): TbInputHorizontal->dropDownList()
#2 C:\xampp\htdocs\bsm\protected\extensions\bootstrap\widgets\input\TbInputHorizontal.php(24): TbInputHorizontal->run()
#3 C:\xampp\htdocs\bsm\yii\framework\web\CBaseController.php(173): TbInputHorizontal->run()
#4 C:\xampp\htdocs\bsm\protected\extensions\bootstrap\widgets\TbActiveForm.php(497): TolakController->widget()
#5 C:\xampp\htdocs\bsm\protected\extensions\bootstrap\widgets\TbActiveForm.php(112): TbActiveForm->inputRow()
#6 C:\xampp\htdocs\bsm\protected\views\tolak\_search.php(40): TbActiveForm->dropDownListRow()
#7 C:\xampp\htdocs\bsm\yii\framework\web\CBaseController.php(126): require()
#8 C:\xampp\htdocs\bsm\yii\framework\web\CBaseController.php(95): TolakController->renderInternal()
#9 C:\xampp\htdocs\bsm\yii\framework\web\CController.php(869): TolakController->renderFile()
#10 C:\xampp\htdocs\bsm\protected\views\tolak\approval.php(26): TolakController->renderPartial()
#11 C:\xampp\htdocs\bsm\yii\framework\web\CBaseController.php(126): require()
#12 C:\xampp\htdocs\bsm\yii\framework\web\CBaseController.php(95): TolakController->renderInternal()
#13 C:\xampp\htdocs\bsm\yii\framework\web\CController.php(869): TolakController->renderFile()
#14 C:\xampp\htdocs\bsm\yii\framework\web\CController.php(782): TolakController->renderPartial()
#15 C:\xampp\htdocs\bsm\protected\controllers\TolakController.php(74): TolakController->render()
#16 C:\xampp\htdocs\bsm\yii\framework\web\actions\CInlineAction.php(49): TolakController->actionApproval()
#17 C:\xampp\htdocs\bsm\yii\framework\web\CController.php(308): CInlineAction->runWithParams()
#18 C:\xampp\htdocs\bsm\yii\framework\web\filters\CFilterChain.php(133): TolakController->runAction()
#19 C:\xampp\htdocs\bsm\yii\framework\web\filters\CFilter.php(40): CFilterChain->run()
#20 C:\xampp\htdocs\bsm\yii\framework\web\CController.php(1145): CAccessControlFilter->filter()
#21 C:\xampp\htdocs\bsm\yii\framework\web\filters\CInlineFilter.php(58): TolakController->filterAccessControl()
#22 C:\xampp\htdocs\bsm\yii\framework\web\filters\CFilterChain.php(130): CInlineFilter->filter()
#23 C:\xampp\htdocs\bsm\yii\framework\web\CController.php(291): CFilterChain->run()
#24 C:\xampp\htdocs\bsm\yii\framework\web\CController.php(265): TolakController->runActionWithFilters()
#25 C:\xampp\htdocs\bsm\yii\framework\web\CWebApplication.php(282): TolakController->run()
#26 C:\xampp\htdocs\bsm\yii\framework\web\CWebApplication.php(141): CWebApplication->runController()
#27 C:\xampp\htdocs\bsm\yii\framework\base\CApplication.php(180): CWebApplication->processRequest()
#28 C:\xampp\htdocs\bsm\index.php(15): CWebApplication->run()
REQUEST_URI=/bsm/index.php?r=tolak%2Fapproval&tolak%5Bmarketing_search%5D=Ulil&yt0=
in C:\xampp\htdocs\bsm\protected\extensions\bootstrap\widgets\input\TbInputHorizontal.php (88)
in C:\xampp\htdocs\bsm\protected\extensions\bootstrap\widgets\input\TbInput.php (201)
in C:\xampp\htdocs\bsm\protected\extensions\bootstrap\widgets\input\TbInputHorizontal.php (24)
2014/10/06 15:11:05 [error] [exception.CException] exception 'CException' with message 'CJuiDateTimePicker must specify "model" and "attribute" or "name" property values.' in C:\xampp\htdocs\bsm\yii\framework\zii\widgets\jui\CJuiInputWidget.php:59
Stack trace:
#0 C:\xampp\htdocs\bsm\protected\extensions\CJuiDateTimePicker\CJuiDateTimePicker.php(26): CJuiInputWidget->resolveNameID()
#1 C:\xampp\htdocs\bsm\yii\framework\web\CBaseController.php(173): CJuiDateTimePicker->run()
#2 C:\xampp\htdocs\bsm\protected\views\tolak\_search.php(85): CBaseController->widget('CJuiDateTimePic...', Array)
#3 C:\xampp\htdocs\bsm\yii\framework\web\CBaseController.php(126): require('C:\xampp\htdocs...')
#4 C:\xampp\htdocs\bsm\yii\framework\web\CBaseController.php(95): CBaseController->renderInternal('C:\xampp\htdocs...', Array, true)
#5 C:\xampp\htdocs\bsm\yii\framework\web\CController.php(869): CBaseController->renderFile('C:\xampp\htdocs...', Array, true)
#6 C:\xampp\htdocs\bsm\protected\views\tolak\approval.php(26): CController->renderPartial('_search', Array)
#7 C:\xampp\htdocs\bsm\yii\framework\web\CBaseController.php(126): require('C:\xampp\htdocs...')
#8 C:\xampp\htdocs\bsm\yii\framework\web\CBaseController.php(95): CBaseController->renderInternal('C:\xampp\htdocs...', Array, true)
#9 C:\xampp\htdocs\bsm\yii\framework\web\CController.php(869): CBaseController->renderFile('C:\xampp\htdocs...', Array, true)
#10 C:\xampp\htdocs\bsm\yii\framework\web\CController.php(782): CController->renderPartial('approval', Array, true)
#11 C:\xampp\htdocs\bsm\protected\controllers\TolakController.php(74): CController->render('approval', Array)
#12 C:\xampp\htdocs\bsm\yii\framework\web\actions\CInlineAction.php(49): TolakController->actionApproval()
#13 C:\xampp\htdocs\bsm\yii\framework\web\CController.php(308): CInlineAction->runWithParams(Array)
#14 C:\xampp\htdocs\bsm\yii\framework\web\filters\CFilterChain.php(133): CController->runAction(Object(CInlineAction))
#15 C:\xampp\htdocs\bsm\yii\framework\web\filters\CFilter.php(40): CFilterChain->run()
#16 C:\xampp\htdocs\bsm\yii\framework\web\CController.php(1145): CFilter->filter(Object(CFilterChain))
#17 C:\xampp\htdocs\bsm\yii\framework\web\filters\CInlineFilter.php(58): CController->filterAccessControl(Object(CFilterChain))
#18 C:\xampp\htdocs\bsm\yii\framework\web\filters\CFilterChain.php(130): CInlineFilter->filter(Object(CFilterChain))
#19 C:\xampp\htdocs\bsm\yii\framework\web\CController.php(291): CFilterChain->run()
#20 C:\xampp\htdocs\bsm\yii\framework\web\CController.php(265): CController->runActionWithFilters(Object(CInlineAction), Array)
#21 C:\xampp\htdocs\bsm\yii\framework\web\CWebApplication.php(282): CController->run('approval')
#22 C:\xampp\htdocs\bsm\yii\framework\web\CWebApplication.php(141): CWebApplication->runController('tolak/approval')
#23 C:\xampp\htdocs\bsm\yii\framework\base\CApplication.php(180): CWebApplication->processRequest()
#24 C:\xampp\htdocs\bsm\index.php(15): CApplication->run()
#25 {main}
REQUEST_URI=/bsm/index.php?r=tolak/approval
HTTP_REFERER=http://localhost/bsm/index.php?r=tolak/approval
---
2014/10/06 15:12:24 [error] [exception.CException] exception 'CException' with message 'Properti "tolak.from_date" tidak didefinisikan.' in C:\xampp\htdocs\bsm\yii\framework\base\CComponent.php:130
Stack trace:
#0 C:\xampp\htdocs\bsm\yii\framework\db\ar\CActiveRecord.php(145): CComponent->__get('from_date')
#1 C:\xampp\htdocs\bsm\yii\framework\web\helpers\CHtml.php(2529): CActiveRecord->__get('from_date')
#2 C:\xampp\htdocs\bsm\yii\framework\web\helpers\CHtml.php(2252): CHtml::resolveValue(Object(tolak), 'from_date')
#3 C:\xampp\htdocs\bsm\yii\framework\web\helpers\CHtml.php(1434): CHtml::activeInputField('text', Object(tolak), 'from_date', Array)
#4 C:\xampp\htdocs\bsm\protected\extensions\CJuiDateTimePicker\CJuiDateTimePicker.php(38): CHtml::activeTextField(Object(tolak), 'from_date', Array)
#5 C:\xampp\htdocs\bsm\yii\framework\web\CBaseController.php(173): CJuiDateTimePicker->run()
#6 C:\xampp\htdocs\bsm\protected\views\tolak\_search.php(85): CBaseController->widget('CJuiDateTimePic...', Array)
#7 C:\xampp\htdocs\bsm\yii\framework\web\CBaseController.php(126): require('C:\xampp\htdocs...')
#8 C:\xampp\htdocs\bsm\yii\framework\web\CBaseController.php(95): CBaseController->renderInternal('C:\xampp\htdocs...', Array, true)
#9 C:\xampp\htdocs\bsm\yii\framework\web\CController.php(869): CBaseController->renderFile('C:\xampp\htdocs...', Array, true)
#10 C:\xampp\htdocs\bsm\protected\views\tolak\approval.php(26): CController->renderPartial('_search', Array)
#11 C:\xampp\htdocs\bsm\yii\framework\web\CBaseController.php(126): require('C:\xampp\htdocs...')
#12 C:\xampp\htdocs\bsm\yii\framework\web\CBaseController.php(95): CBaseController->renderInternal('C:\xampp\htdocs...', Array, true)
#13 C:\xampp\htdocs\bsm\yii\framework\web\CController.php(869): CBaseController->renderFile('C:\xampp\htdocs...', Array, true)
#14 C:\xampp\htdocs\bsm\yii\framework\web\CController.php(782): CController->renderPartial('approval', Array, true)
#15 C:\xampp\htdocs\bsm\protected\controllers\TolakController.php(74): CController->render('approval', Array)
#16 C:\xampp\htdocs\bsm\yii\framework\web\actions\CInlineAction.php(49): TolakController->actionApproval()
#17 C:\xampp\htdocs\bsm\yii\framework\web\CController.php(308): CInlineAction->runWithParams(Array)
#18 C:\xampp\htdocs\bsm\yii\framework\web\filters\CFilterChain.php(133): CController->runAction(Object(CInlineAction))
#19 C:\xampp\htdocs\bsm\yii\framework\web\filters\CFilter.php(40): CFilterChain->run()
#20 C:\xampp\htdocs\bsm\yii\framework\web\CController.php(1145): CFilter->filter(Object(CFilterChain))
#21 C:\xampp\htdocs\bsm\yii\framework\web\filters\CInlineFilter.php(58): CController->filterAccessControl(Object(CFilterChain))
#22 C:\xampp\htdocs\bsm\yii\framework\web\filters\CFilterChain.php(130): CInlineFilter->filter(Object(CFilterChain))
#23 C:\xampp\htdocs\bsm\yii\framework\web\CController.php(291): CFilterChain->run()
#24 C:\xampp\htdocs\bsm\yii\framework\web\CController.php(265): CController->runActionWithFilters(Object(CInlineAction), Array)
#25 C:\xampp\htdocs\bsm\yii\framework\web\CWebApplication.php(282): CController->run('approval')
#26 C:\xampp\htdocs\bsm\yii\framework\web\CWebApplication.php(141): CWebApplication->runController('tolak/approval')
#27 C:\xampp\htdocs\bsm\yii\framework\base\CApplication.php(180): CWebApplication->processRequest()
#28 C:\xampp\htdocs\bsm\index.php(15): CApplication->run()
#29 {main}
REQUEST_URI=/bsm/index.php?r=tolak/approval
HTTP_REFERER=http://localhost/bsm/index.php?r=tolak/approval
---
2014/10/06 15:16:44 [error] [exception.CException] exception 'CException' with message 'Properti "tolak.no_proposal" tidak didefinisikan.' in C:\xampp\htdocs\bsm\yii\framework\base\CComponent.php:130
Stack trace:
#0 C:\xampp\htdocs\bsm\yii\framework\db\ar\CActiveRecord.php(145): CComponent->__get('no_proposal')
#1 C:\xampp\htdocs\bsm\protected\models\tolak.php(96): CActiveRecord->__get('no_proposal')
#2 C:\xampp\htdocs\bsm\protected\views\tolak\approval.php(31): tolak->search()
#3 C:\xampp\htdocs\bsm\yii\framework\web\CBaseController.php(126): require('C:\xampp\htdocs...')
#4 C:\xampp\htdocs\bsm\yii\framework\web\CBaseController.php(95): CBaseController->renderInternal('C:\xampp\htdocs...', Array, true)
#5 C:\xampp\htdocs\bsm\yii\framework\web\CController.php(869): CBaseController->renderFile('C:\xampp\htdocs...', Array, true)
#6 C:\xampp\htdocs\bsm\yii\framework\web\CController.php(782): CController->renderPartial('approval', Array, true)
#7 C:\xampp\htdocs\bsm\protected\controllers\TolakController.php(76): CController->render('approval', Array)
#8 C:\xampp\htdocs\bsm\yii\framework\web\actions\CInlineAction.php(49): TolakController->actionApproval()
#9 C:\xampp\htdocs\bsm\yii\framework\web\CController.php(308): CInlineAction->runWithParams(Array)
#10 C:\xampp\htdocs\bsm\yii\framework\web\filters\CFilterChain.php(133): CController->runAction(Object(CInlineAction))
#11 C:\xampp\htdocs\bsm\yii\framework\web\filters\CFilter.php(40): CFilterChain->run()
#12 C:\xampp\htdocs\bsm\yii\framework\web\CController.php(1145): CFilter->filter(Object(CFilterChain))
#13 C:\xampp\htdocs\bsm\yii\framework\web\filters\CInlineFilter.php(58): CController->filterAccessControl(Object(CFilterChain))
#14 C:\xampp\htdocs\bsm\yii\framework\web\filters\CFilterChain.php(130): CInlineFilter->filter(Object(CFilterChain))
#15 C:\xampp\htdocs\bsm\yii\framework\web\CController.php(291): CFilterChain->run()
#16 C:\xampp\htdocs\bsm\yii\framework\web\CController.php(265): CController->runActionWithFilters(Object(CInlineAction), Array)
#17 C:\xampp\htdocs\bsm\yii\framework\web\CWebApplication.php(282): CController->run('approval')
#18 C:\xampp\htdocs\bsm\yii\framework\web\CWebApplication.php(141): CWebApplication->runController('tolak/approval')
#19 C:\xampp\htdocs\bsm\yii\framework\base\CApplication.php(180): CWebApplication->processRequest()
#20 C:\xampp\htdocs\bsm\index.php(15): CApplication->run()
#21 {main}
REQUEST_URI=/bsm/index.php?r=tolak/approval
HTTP_REFERER=http://localhost/bsm/index.php?r=tolak/approval
---
2014/10/06 15:17:03 [error] [system.db.CDbCommand] CDbCommand::fetchColumn() gagal: SQLSTATE[42S22]: Column not found: 1054 Unknown column 't.no_proposal' in 'on clause'. Statement SQL yang dijalankan: SELECT COUNT(*) FROM `tolak` `t`  LEFT OUTER JOIN `proposal` `rCM` ON (`rCM`.`no_proposal`=`t`.`no_proposal`)   INNER JOIN mtb_pegawai mp ON mp.pegawai_id = rCM.marketing .
in C:\xampp\htdocs\bsm\protected\extensions\bootstrap\widgets\TbGridView.php (49)
in C:\xampp\htdocs\bsm\protected\views\tolak\approval.php (37)
in C:\xampp\htdocs\bsm\protected\controllers\TolakController.php (76)
2014/10/06 15:17:03 [error] [exception.CDbException] exception 'CDbException' with message 'CDbCommand gagal menjalankan statementSQL: SQLSTATE[42S22]: Column not found: 1054 Unknown column 't.no_proposal' in 'on clause'. The SQL statement executed was: SELECT COUNT(*) FROM `tolak` `t`  LEFT OUTER JOIN `proposal` `rCM` ON (`rCM`.`no_proposal`=`t`.`no_proposal`)   INNER JOIN mtb_pegawai mp ON mp.pegawai_id = rCM.marketing ' in C:\xampp\htdocs\bsm\yii\framework\db\CDbCommand.php:543
Stack trace:
#0 C:\xampp\htdocs\bsm\yii\framework\db\CDbCommand.php(433): CDbCommand->queryInternal('fetchColumn', 0, Array)
#1 C:\xampp\htdocs\bsm\yii\framework\db\ar\CActiveRecord.php(1601): CDbCommand->queryScalar()
#2 C:\xampp\htdocs\bsm\yii\framework\web\CActiveDataProvider.php(228): CActiveRecord->count(Object(CDbCriteria))
#3 C:\xampp\htdocs\bsm\yii\framework\web\CDataProvider.php(224): CActiveDataProvider->calculateTotalItemCount()
#4 C:\xampp\htdocs\bsm\yii\framework\web\CActiveDataProvider.php(178): CDataProvider->getTotalItemCount()
#5 C:\xampp\htdocs\bsm\yii\framework\web\CDataProvider.php(168): CActiveDataProvider->fetchData()
#6 C:\xampp\htdocs\bsm\yii\framework\zii\widgets\CBaseListView.php(111): CDataProvider->getData()
#7 C:\xampp\htdocs\bsm\yii\framework\zii\widgets\grid\CGridView.php(339): CBaseListView->init()
#8 C:\xampp\htdocs\bsm\protected\extensions\bootstrap\widgets\TbGridView.php(49): CGridView->init()
#9 C:\xampp\htdocs\bsm\yii\framework\web\CBaseController.php(147): TbGridView->init()
#10 C:\xampp\htdocs\bsm\yii\framework\web\CBaseController.php(172): CBaseController->createWidget('bootstrap.widge...', Array)
#11 C:\xampp\htdocs\bsm\protected\views\tolak\approval.php(37): CBaseController->widget('bootstrap.widge...', Array)
#12 C:\xampp\htdocs\bsm\yii\framework\web\CBaseController.php(126): require('C:\xampp\htdocs...')
#13 C:\xampp\htdocs\bsm\yii\framework\web\CBaseController.php(95): CBaseController->renderInternal('C:\xampp\htdocs...', Array, true)
#14 C:\xampp\htdocs\bsm\yii\framework\web\CController.php(869): CBaseController->renderFile('C:\xampp\htdocs...', Array, true)
#15 C:\xampp\htdocs\bsm\yii\framework\web\CController.php(782): CController->renderPartial('approval', Array, true)
#16 C:\xampp\htdocs\bsm\protected\controllers\TolakController.php(76): CController->render('approval', Array)
#17 C:\xampp\htdocs\bsm\yii\framework\web\actions\CInlineAction.php(49): TolakController->actionApproval()
#18 C:\xampp\htdocs\bsm\yii\framework\web\CController.php(308): CInlineAction->runWithParams(Array)
#19 C:\xampp\htdocs\bsm\yii\framework\web\filters\CFilterChain.php(133): CController->runAction(Object(CInlineAction))
#20 C:\xampp\htdocs\bsm\yii\framework\web\filters\CFilter.php(40): CFilterChain->run()
#21 C:\xampp\htdocs\bsm\yii\framework\web\CController.php(1145): CFilter->filter(Object(CFilterChain))
#22 C:\xampp\htdocs\bsm\yii\framework\web\filters\CInlineFilter.php(58): CController->filterAccessControl(Object(CFilterChain))
#23 C:\xampp\htdocs\bsm\yii\framework\web\filters\CFilterChain.php(130): CInlineFilter->filter(Object(CFilterChain))
#24 C:\xampp\htdocs\bsm\yii\framework\web\CController.php(291): CFilterChain->run()
#25 C:\xampp\htdocs\bsm\yii\framework\web\CController.php(265): CController->runActionWithFilters(Object(CInlineAction), Array)
#26 C:\xampp\htdocs\bsm\yii\framework\web\CWebApplication.php(282): CController->run('approval')
#27 C:\xampp\htdocs\bsm\yii\framework\web\CWebApplication.php(141): CWebApplication->runController('tolak/approval')
#28 C:\xampp\htdocs\bsm\yii\framework\base\CApplication.php(180): CWebApplication->processRequest()
#29 C:\xampp\htdocs\bsm\index.php(15): CApplication->run()
#30 {main}
REQUEST_URI=/bsm/index.php?r=tolak/approval
HTTP_REFERER=http://localhost/bsm/index.php?r=tolak/approval
---
2014/10/06 15:24:28 [error] [exception.CHttpException.404] exception 'CHttpException' with message 'Sistem tidak bisa menemukan action "update" seperti yang diminta.' in C:\xampp\htdocs\bsm\yii\framework\web\CController.php:483
Stack trace:
#0 C:\xampp\htdocs\bsm\yii\framework\web\CController.php(270): CController->missingAction('update')
#1 C:\xampp\htdocs\bsm\yii\framework\web\CWebApplication.php(282): CController->run('update')
#2 C:\xampp\htdocs\bsm\yii\framework\web\CWebApplication.php(141): CWebApplication->runController('tolak/update')
#3 C:\xampp\htdocs\bsm\yii\framework\base\CApplication.php(180): CWebApplication->processRequest()
#4 C:\xampp\htdocs\bsm\index.php(15): CApplication->run()
#5 {main}
REQUEST_URI=/bsm/index.php?r=tolak/update&id=1
HTTP_REFERER=http://localhost/bsm/index.php?r=tolak/approval
---
2014/10/06 15:25:02 [warning] [application] Gagal mengeset atribut unsafe "nama_nasabah" dari kelas "tolak".
in C:\xampp\htdocs\bsm\protected\controllers\TolakController.php (71)
in C:\xampp\htdocs\bsm\index.php (15)
2014/10/06 15:25:05 [warning] [application] Gagal mengeset atribut unsafe "nama_nasabah" dari kelas "tolak".
in C:\xampp\htdocs\bsm\protected\controllers\TolakController.php (71)
in C:\xampp\htdocs\bsm\index.php (15)
2014/10/06 15:25:08 [warning] [application] Gagal mengeset atribut unsafe "nama_nasabah" dari kelas "tolak".
in C:\xampp\htdocs\bsm\protected\controllers\TolakController.php (71)
in C:\xampp\htdocs\bsm\index.php (15)
2014/10/06 15:25:10 [warning] [application] Gagal mengeset atribut unsafe "nama_nasabah" dari kelas "tolak".
in C:\xampp\htdocs\bsm\protected\controllers\TolakController.php (71)
in C:\xampp\htdocs\bsm\index.php (15)
2014/10/06 15:25:17 [warning] [application] Gagal mengeset atribut unsafe "nama_nasabah" dari kelas "tolak".
in C:\xampp\htdocs\bsm\protected\controllers\TolakController.php (71)
in C:\xampp\htdocs\bsm\index.php (15)
2014/10/06 15:25:19 [warning] [application] Gagal mengeset atribut unsafe "nama_nasabah" dari kelas "tolak".
in C:\xampp\htdocs\bsm\protected\controllers\TolakController.php (71)
in C:\xampp\htdocs\bsm\index.php (15)
2014/10/06 15:25:21 [warning] [application] Gagal mengeset atribut unsafe "nama_nasabah" dari kelas "tolak".
in C:\xampp\htdocs\bsm\protected\controllers\TolakController.php (71)
in C:\xampp\htdocs\bsm\index.php (15)
2014/10/06 15:25:23 [warning] [application] Gagal mengeset atribut unsafe "nama_nasabah" dari kelas "tolak".
in C:\xampp\htdocs\bsm\protected\controllers\TolakController.php (71)
in C:\xampp\htdocs\bsm\index.php (15)
2014/10/06 15:25:26 [warning] [application] Gagal mengeset atribut unsafe "nama_nasabah" dari kelas "tolak".
in C:\xampp\htdocs\bsm\protected\controllers\TolakController.php (71)
in C:\xampp\htdocs\bsm\index.php (15)
2014/10/06 15:28:51 [warning] [application] Gagal mengeset atribut unsafe "nama_nasabah" dari kelas "tolak".
in C:\xampp\htdocs\bsm\protected\controllers\TolakController.php (71)
in C:\xampp\htdocs\bsm\index.php (15)
2014/10/06 15:32:39 [error] [exception.CException] exception 'CException' with message 'Properti "tolak.no_proposal" tidak didefinisikan.' in C:\xampp\htdocs\bsm\yii\framework\base\CComponent.php:130
Stack trace:
#0 C:\xampp\htdocs\bsm\yii\framework\db\ar\CActiveRecord.php(145): CComponent->__get('no_proposal')
#1 C:\xampp\htdocs\bsm\yii\framework\db\ar\CActiveFinder.php(669): CActiveRecord->__get('no_proposal')
#2 C:\xampp\htdocs\bsm\yii\framework\db\ar\CActiveFinder.php(500): CJoinElement->applyLazyCondition(Object(CJoinQuery), Object(tolak))
#3 C:\xampp\htdocs\bsm\yii\framework\db\ar\CActiveFinder.php(163): CJoinElement->lazyFind(Object(tolak))
#4 C:\xampp\htdocs\bsm\yii\framework\db\ar\CActiveRecord.php(281): CActiveFinder->lazyFind(Object(tolak))
#5 C:\xampp\htdocs\bsm\yii\framework\db\ar\CActiveRecord.php(143): CActiveRecord->getRelated('rCM')
#6 C:\xampp\htdocs\bsm\yii\framework\base\CComponent.php(612) : eval()'d code(1): CActiveRecord->__get('rCM')
#7 C:\xampp\htdocs\bsm\yii\framework\base\CComponent.php(612): eval()
#8 C:\xampp\htdocs\bsm\yii\framework\zii\widgets\grid\CDataColumn.php(137): CComponent->evaluateExpression('$data->rCM->roM...', Array)
#9 C:\xampp\htdocs\bsm\yii\framework\zii\widgets\grid\CGridColumn.php(151): CDataColumn->renderDataCellContent(0, Object(tolak))
#10 C:\xampp\htdocs\bsm\yii\framework\zii\widgets\grid\CGridView.php(616): CGridColumn->renderDataCell(0)
#11 C:\xampp\htdocs\bsm\yii\framework\zii\widgets\grid\CGridView.php(572): CGridView->renderTableRow(0)
#12 C:\xampp\htdocs\bsm\yii\framework\zii\widgets\grid\CGridView.php(482): CGridView->renderTableBody()
#13 C:\xampp\htdocs\bsm\yii\framework\zii\widgets\CBaseListView.php(167): CGridView->renderItems()
#14 [internal function]: CBaseListView->renderSection(Array)
#15 C:\xampp\htdocs\bsm\yii\framework\zii\widgets\CBaseListView.php(150): preg_replace_callback('/{(\w+)}/', Array, '{summary}?{item...')
#16 C:\xampp\htdocs\bsm\yii\framework\zii\widgets\CBaseListView.php(135): CBaseListView->renderContent()
#17 C:\xampp\htdocs\bsm\yii\framework\web\CBaseController.php(173): CBaseListView->run()
#18 C:\xampp\htdocs\bsm\protected\views\tolak\approval.php(54): CBaseController->widget('bootstrap.widge...', Array)
#19 C:\xampp\htdocs\bsm\yii\framework\web\CBaseController.php(126): require('C:\xampp\htdocs...')
#20 C:\xampp\htdocs\bsm\yii\framework\web\CBaseController.php(95): CBaseController->renderInternal('C:\xampp\htdocs...', Array, true)
#21 C:\xampp\htdocs\bsm\yii\framework\web\CController.php(869): CBaseController->renderFile('C:\xampp\htdocs...', Array, true)
#22 C:\xampp\htdocs\bsm\yii\framework\web\CController.php(782): CController->renderPartial('approval', Array, true)
#23 C:\xampp\htdocs\bsm\protected\controllers\TolakController.php(76): CController->render('approval', Array)
#24 C:\xampp\htdocs\bsm\yii\framework\web\actions\CInlineAction.php(49): TolakController->actionApproval()
#25 C:\xampp\htdocs\bsm\yii\framework\web\CController.php(308): CInlineAction->runWithParams(Array)
#26 C:\xampp\htdocs\bsm\yii\framework\web\filters\CFilterChain.php(133): CController->runAction(Object(CInlineAction))
#27 C:\xampp\htdocs\bsm\yii\framework\web\filters\CFilter.php(40): CFilterChain->run()
#28 C:\xampp\htdocs\bsm\yii\framework\web\CController.php(1145): CFilter->filter(Object(CFilterChain))
#29 C:\xampp\htdocs\bsm\yii\framework\web\filters\CInlineFilter.php(58): CController->filterAccessControl(Object(CFilterChain))
#30 C:\xampp\htdocs\bsm\yii\framework\web\filters\CFilterChain.php(130): CInlineFilter->filter(Object(CFilterChain))
#31 C:\xampp\htdocs\bsm\yii\framework\web\CController.php(291): CFilterChain->run()
#32 C:\xampp\htdocs\bsm\yii\framework\web\CController.php(265): CController->runActionWithFilters(Object(CInlineAction), Array)
#33 C:\xampp\htdocs\bsm\yii\framework\web\CWebApplication.php(282): CController->run('approval')
#34 C:\xampp\htdocs\bsm\yii\framework\web\CWebApplication.php(141): CWebApplication->runController('tolak/approval')
#35 C:\xampp\htdocs\bsm\yii\framework\base\CApplication.php(180): CWebApplication->processRequest()
#36 C:\xampp\htdocs\bsm\index.php(15): CApplication->run()
#37 {main}
REQUEST_URI=/bsm/index.php?r=tolak/approval
HTTP_REFERER=http://localhost/bsm/index.php?r=tolak/approval
---
2014/10/06 15:35:24 [warning] [application] Gagal mengeset atribut unsafe "nama_nasabah" dari kelas "tolak".
in C:\xampp\htdocs\bsm\protected\controllers\TolakController.php (71)
in C:\xampp\htdocs\bsm\index.php (15)
2014/10/06 15:35:27 [warning] [application] Gagal mengeset atribut unsafe "nama_nasabah" dari kelas "tolak".
in C:\xampp\htdocs\bsm\protected\controllers\TolakController.php (71)
in C:\xampp\htdocs\bsm\index.php (15)
2014/10/06 15:35:31 [warning] [application] Gagal mengeset atribut unsafe "nama_nasabah" dari kelas "tolak".
in C:\xampp\htdocs\bsm\protected\controllers\TolakController.php (71)
in C:\xampp\htdocs\bsm\index.php (15)
2014/10/06 15:35:34 [warning] [application] Gagal mengeset atribut unsafe "nama_nasabah" dari kelas "tolak".
in C:\xampp\htdocs\bsm\protected\controllers\TolakController.php (71)
in C:\xampp\htdocs\bsm\index.php (15)
2014/10/06 15:35:36 [warning] [application] Gagal mengeset atribut unsafe "nama_nasabah" dari kelas "tolak".
in C:\xampp\htdocs\bsm\protected\controllers\TolakController.php (71)
in C:\xampp\htdocs\bsm\index.php (15)
2014/10/06 15:35:40 [warning] [application] Gagal mengeset atribut unsafe "nama_nasabah" dari kelas "tolak".
in C:\xampp\htdocs\bsm\protected\controllers\TolakController.php (71)
in C:\xampp\htdocs\bsm\index.php (15)
2014/10/06 15:36:14 [warning] [application] Gagal mengeset atribut unsafe "nama_nasabah" dari kelas "tolak".
in C:\xampp\htdocs\bsm\protected\controllers\TolakController.php (71)
in C:\xampp\htdocs\bsm\index.php (15)
2014/10/06 15:41:36 [error] [exception.CHttpException.403] exception 'CHttpException' with message 'Anda tidak diotorisasi untuk melakukan action ini.' in C:\xampp\htdocs\bsm\yii\framework\web\auth\CAccessControlFilter.php:182
Stack trace:
#0 C:\xampp\htdocs\bsm\yii\framework\web\auth\CAccessControlFilter.php(145): CAccessControlFilter->accessDenied(Object(WebUser), 'Anda tidak diot...')
#1 C:\xampp\htdocs\bsm\yii\framework\web\filters\CFilter.php(38): CAccessControlFilter->preFilter(Object(CFilterChain))
#2 C:\xampp\htdocs\bsm\yii\framework\web\CController.php(1145): CFilter->filter(Object(CFilterChain))
#3 C:\xampp\htdocs\bsm\yii\framework\web\filters\CInlineFilter.php(58): CController->filterAccessControl(Object(CFilterChain))
#4 C:\xampp\htdocs\bsm\yii\framework\web\filters\CFilterChain.php(130): CInlineFilter->filter(Object(CFilterChain))
#5 C:\xampp\htdocs\bsm\yii\framework\web\CController.php(291): CFilterChain->run()
#6 C:\xampp\htdocs\bsm\yii\framework\web\CController.php(265): CController->runActionWithFilters(Object(CInlineAction), Array)
#7 C:\xampp\htdocs\bsm\yii\framework\web\CWebApplication.php(282): CController->run('autocompleteNas...')
#8 C:\xampp\htdocs\bsm\yii\framework\web\CWebApplication.php(141): CWebApplication->runController('proposal/autoco...')
#9 C:\xampp\htdocs\bsm\yii\framework\base\CApplication.php(180): CWebApplication->processRequest()
#10 C:\xampp\htdocs\bsm\index.php(15): CApplication->run()
#11 {main}
REQUEST_URI=/bsm/index.php?r=proposal/autocompleteNasabahTolak&term=a
HTTP_REFERER=http://localhost/bsm/index.php?r=tolak/approval
---
2014/10/06 15:41:39 [error] [exception.CHttpException.403] exception 'CHttpException' with message 'Anda tidak diotorisasi untuk melakukan action ini.' in C:\xampp\htdocs\bsm\yii\framework\web\auth\CAccessControlFilter.php:182
Stack trace:
#0 C:\xampp\htdocs\bsm\yii\framework\web\auth\CAccessControlFilter.php(145): CAccessControlFilter->accessDenied(Object(WebUser), 'Anda tidak diot...')
#1 C:\xampp\htdocs\bsm\yii\framework\web\filters\CFilter.php(38): CAccessControlFilter->preFilter(Object(CFilterChain))
#2 C:\xampp\htdocs\bsm\yii\framework\web\CController.php(1145): CFilter->filter(Object(CFilterChain))
#3 C:\xampp\htdocs\bsm\yii\framework\web\filters\CInlineFilter.php(58): CController->filterAccessControl(Object(CFilterChain))
#4 C:\xampp\htdocs\bsm\yii\framework\web\filters\CFilterChain.php(130): CInlineFilter->filter(Object(CFilterChain))
#5 C:\xampp\htdocs\bsm\yii\framework\web\CController.php(291): CFilterChain->run()
#6 C:\xampp\htdocs\bsm\yii\framework\web\CController.php(265): CController->runActionWithFilters(Object(CInlineAction), Array)
#7 C:\xampp\htdocs\bsm\yii\framework\web\CWebApplication.php(282): CController->run('autocompleteNas...')
#8 C:\xampp\htdocs\bsm\yii\framework\web\CWebApplication.php(141): CWebApplication->runController('proposal/autoco...')
#9 C:\xampp\htdocs\bsm\yii\framework\base\CApplication.php(180): CWebApplication->processRequest()
#10 C:\xampp\htdocs\bsm\index.php(15): CApplication->run()
#11 {main}
REQUEST_URI=/bsm/index.php?r=proposal/autocompleteNasabahTolak&term=ak
HTTP_REFERER=http://localhost/bsm/index.php?r=tolak/approval
---
2014/10/06 15:42:26 [warning] [application] Gagal mengeset atribut unsafe "nama_nasabah" dari kelas "tolak".
in C:\xampp\htdocs\bsm\protected\controllers\TolakController.php (71)
in C:\xampp\htdocs\bsm\index.php (15)
2014/10/06 15:42:30 [warning] [application] Gagal mengeset atribut unsafe "nama_nasabah" dari kelas "tolak".
in C:\xampp\htdocs\bsm\protected\controllers\TolakController.php (71)
in C:\xampp\htdocs\bsm\index.php (15)
2014/10/06 15:42:44 [warning] [application] Gagal mengeset atribut unsafe "nama_nasabah" dari kelas "tolak".
in C:\xampp\htdocs\bsm\protected\controllers\TolakController.php (71)
in C:\xampp\htdocs\bsm\index.php (15)
2014/10/06 15:43:37 [warning] [application] Gagal mengeset atribut unsafe "nama_nasabah" dari kelas "tolak".
in C:\xampp\htdocs\bsm\protected\controllers\TolakController.php (71)
in C:\xampp\htdocs\bsm\index.php (15)
2014/10/06 15:43:39 [warning] [application] Gagal mengeset atribut unsafe "nama_nasabah" dari kelas "tolak".
in C:\xampp\htdocs\bsm\protected\controllers\TolakController.php (71)
in C:\xampp\htdocs\bsm\index.php (15)
2014/10/06 15:43:39 [warning] [application] Gagal mengeset atribut unsafe "nama_nasabah" dari kelas "tolak".
in C:\xampp\htdocs\bsm\protected\controllers\TolakController.php (71)
in C:\xampp\htdocs\bsm\index.php (15)
2014/10/06 15:43:39 [warning] [application] Gagal mengeset atribut unsafe "nama_nasabah" dari kelas "tolak".
in C:\xampp\htdocs\bsm\protected\controllers\TolakController.php (71)
in C:\xampp\htdocs\bsm\index.php (15)
2014/10/06 15:51:18 [error] [exception.CHttpException.404] exception 'CHttpException' with message 'Sistem tidak bisa menemukan action "index" seperti yang diminta.' in C:\xampp\htdocs\bsm\yii\framework\web\CController.php:483
Stack trace:
#0 C:\xampp\htdocs\bsm\yii\framework\web\CController.php(270): CController->missingAction('')
#1 C:\xampp\htdocs\bsm\yii\framework\web\CWebApplication.php(282): CController->run('')
#2 C:\xampp\htdocs\bsm\yii\framework\web\CWebApplication.php(141): CWebApplication->runController('tolak/')
#3 C:\xampp\htdocs\bsm\yii\framework\base\CApplication.php(180): CWebApplication->processRequest()
#4 C:\xampp\htdocs\bsm\index.php(15): CApplication->run()
#5 {main}
REQUEST_URI=/bsm/index.php?r=tolak/
HTTP_REFERER=http://localhost/bsm/index.php?r=tolak/approval
---
